<?xml version="1.0" encoding="UTF-8"?>
<testng-results ignored="0" total="1" passed="1" failed="0" skipped="0">
  <reporter-output>
    <line>
      <![CDATA[Product modifies]]>
    </line>
  </reporter-output>
  <suite started-at="2021-12-31T22:11:57 IST" name="Default suite" finished-at="2021-12-31T22:11:57 IST" duration-ms="56">
    <groups>
      <group name="Regression">
        <method signature="ModifyProductTest.modifyProductTest()[pri:0, instance:com.crm.autodesk.product.ModifyProductTest@28975c28]" name="modifyProductTest" class="com.crm.autodesk.product.ModifyProductTest"/>
      </group> <!-- Regression -->
    </groups>
    <test started-at="2021-12-31T22:11:57 IST" name="Default test" finished-at="2021-12-31T22:11:57 IST" duration-ms="56">
      <class name="com.crm.autodesk.product.ModifyProductTest">
        <test-method signature="modifyProductTest()[pri:0, instance:com.crm.autodesk.product.ModifyProductTest@28975c28]" started-at="2021-12-31T22:11:57 IST" name="modifyProductTest" finished-at="2021-12-31T22:11:57 IST" duration-ms="9" status="PASS">
          <reporter-output>
            <line>
              <![CDATA[Product modifies]]>
            </line>
          </reporter-output>
        </test-method> <!-- modifyProductTest -->
      </class> <!-- com.crm.autodesk.product.ModifyProductTest -->
    </test> <!-- Default test -->
  </suite> <!-- Default suite -->
</testng-results>
